<?xml version="1.0" encoding="UTF-8"?>
<!-- Generated by org.testng.reporters.JUnitXMLReporter -->
<testsuite hostname="MACPK-WKS-0132" failures="0" tests="13" name="FirefoxTest" time="0.141" errors="0" timestamp="13 Nov 2019 11:14:57 GMT">
  <testcase classname="myTestyDemoTest.ExtJsFormTest" name="@BeforeTest initWebDriver" time="0.0">
    <failure type="java.lang.IllegalStateException" message="The driver executable does not exist: F:\Athira\Selenium\Selenium 3.141.59\Driver\geckodriver.exe">
      <![CDATA[java.lang.IllegalStateException: The driver executable does not exist: F:\Athira\Selenium\Selenium 3.141.59\Driver\geckodriver.exe
	at com.google.common.base.Preconditions.checkState(Preconditions.java:589)
	at org.openqa.selenium.remote.service.DriverService.checkExecutable(DriverService.java:146)
	at org.openqa.selenium.remote.service.DriverService.findExecutable(DriverService.java:141)
	at org.openqa.selenium.firefox.GeckoDriverService.access$100(GeckoDriverService.java:44)
	at org.openqa.selenium.firefox.GeckoDriverService$Builder.findDefaultExecutable(GeckoDriverService.java:167)
	at org.openqa.selenium.remote.service.DriverService$Builder.build(DriverService.java:355)
	at org.openqa.selenium.firefox.FirefoxDriver.toExecutor(FirefoxDriver.java:190)
	at org.openqa.selenium.firefox.FirefoxDriver.<init>(FirefoxDriver.java:147)
	at org.openqa.selenium.firefox.FirefoxDriver.<init>(FirefoxDriver.java:125)
	at myTestyDemoTest.TestFixtures.initWebDriver(TestFixtures.java:40)
... Removed 22 stack frames]]>
    </failure>
  </testcase> <!-- @BeforeTest initWebDriver -->
  <testcase classname="myTestyDemoTest.ExtJsFormTest" name="@AfterTest tearDownTestMethod" time="0.0">
    <skipped/>
  </testcase> <!-- @AfterTest tearDownTestMethod -->
  <testcase classname="myTestyDemoTest.ExtJsFormTest" name="openUrl" time="0.004">
    <skipped/>
  </testcase> <!-- openUrl -->
  <testcase classname="myTestyDemoTest.ExtJsFormTest" name="conditionManagerTest" time="0.002">
    <skipped/>
  </testcase> <!-- conditionManagerTest -->
  <testcase classname="myTestyDemoTest.ExtJsFormTest" name="findElementsAfterTimeoutTest" time="0.002">
    <skipped/>
  </testcase> <!-- findElementsAfterTimeoutTest -->
  <testcase classname="myTestyDemoTest.ExtJsFormTest" name="findElementsQuotesTest" time="0.003">
    <skipped/>
  </testcase> <!-- findElementsQuotesTest -->
  <testcase classname="myTestyDemoTest.ExtJsFormTest" name="radioGroupTest" time="0.001">
    <skipped/>
  </testcase> <!-- radioGroupTest -->
  <testcase classname="myTestyDemoTest.ExtJsFormTest" name="comboBoxTest" time="0.001">
    <skipped/>
  </testcase> <!-- comboBoxTest -->
  <testcase classname="myTestyDemoTest.ExtJsFormTest" name="multiSelectTest" time="0.001">
    <skipped/>
  </testcase> <!-- multiSelectTest -->
  <testcase classname="myTestyDemoTest.ExtJsFormTest" name="textAreaTest" time="0.0">
    <skipped/>
  </testcase> <!-- textAreaTest -->
  <testcase classname="myTestyDemoTest.ExtJsFormTest" name="textFieldTest" time="0.004">
    <skipped/>
  </testcase> <!-- textFieldTest -->
  <testcase classname="myTestyDemoTest.ExtJsFormTest" name="simpleFormTest" time="0.001">
    <skipped/>
  </testcase> <!-- simpleFormTest -->
  <testcase classname="myTestyDemoTest.BootstrapFormTest" name="openUrl" time="0.001">
    <skipped/>
  </testcase> <!-- openUrl -->
  <testcase classname="myTestyDemoTest.BootstrapFormTest" name="bFormTitleTest" time="0.0">
    <skipped/>
  </testcase> <!-- bFormTitleTest -->
  <testcase classname="myTestyDemoTest.BootstrapFormTest" name="bFormPOAPFTest" time="0.001">
    <skipped/>
  </testcase> <!-- bFormPOAPFTest -->
</testsuite> <!-- FirefoxTest -->
