<html>
<head>
<title>TestNG:  FirefoxTest</title>
<link href="../testng.css" rel="stylesheet" type="text/css" />
<link href="../my-testng.css" rel="stylesheet" type="text/css" />

<style type="text/css">
.log { display: none;} 
.stack-trace { display: none;} 
</style>
<script type="text/javascript">
<!--
function flip(e) {
  current = e.style.display;
  if (current == 'block') {
    e.style.display = 'none';
    return 0;
  }
  else {
    e.style.display = 'block';
    return 1;
  }
}

function toggleBox(szDivId, elem, msg1, msg2)
{
  var res = -1;  if (document.getElementById) {
    res = flip(document.getElementById(szDivId));
  }
  else if (document.all) {
    // this is the way old msie versions work
    res = flip(document.all[szDivId]);
  }
  if(elem) {
    if(res == 0) elem.innerHTML = msg1; else elem.innerHTML = msg2;
  }

}

function toggleAllBoxes() {
  if (document.getElementsByTagName) {
    d = document.getElementsByTagName('div');
    for (i = 0; i < d.length; i++) {
      if (d[i].className == 'log') {
        flip(d[i]);
      }
    }
  }
}

// -->
</script>

</head>
<body>
<h2 align='center'>FirefoxTest</h2><table border='1' align="center">
<tr>
<td>Tests passed/Failed/Skipped:</td><td>0/0/13</td>
</tr><tr>
<td>Started on:</td><td>Wed Nov 13 16:14:57 PKT 2019</td>
</tr>
<tr><td>Total time:</td><td>0 seconds (141 ms)</td>
</tr><tr>
<td>Included groups:</td><td></td>
</tr><tr>
<td>Excluded groups:</td><td></td>
</tr>
</table><p/>
<small><i>(Hover the method name to see the test class name)</i></small><p/>
<table width='100%' border='1' class='invocation-failed'>
<tr><td colspan='4' align='center'><b>FAILED CONFIGURATIONS</b></td></tr>
<tr><td><b>Test method</b></td>
<td width="30%"><b>Exception</b></td>
<td width="10%"><b>Time (seconds)</b></td>
<td><b>Instance</b></td>
</tr>
<tr>
<td title='myTestyDemoTest.ExtJsFormTest.initWebDriver()'><b>initWebDriver</b><br>Test class: myTestyDemoTest.ExtJsFormTest<br>Parameters: Firefox</td>
<td><div><pre>java.lang.IllegalStateException: The driver executable does not exist: F:\Athira\Selenium\Selenium 3.141.59\Driver\geckodriver.exe
	at com.google.common.base.Preconditions.checkState(Preconditions.java:589)
	at org.openqa.selenium.remote.service.DriverService.checkExecutable(DriverService.java:146)
	at org.openqa.selenium.remote.service.DriverService.findExecutable(DriverService.java:141)
	at org.openqa.selenium.firefox.GeckoDriverService.access$100(GeckoDriverService.java:44)
	at org.openqa.selenium.firefox.GeckoDriverService$Builder.findDefaultExecutable(GeckoDriverService.java:167)
	at org.openqa.selenium.remote.service.DriverService$Builder.build(DriverService.java:355)
	at org.openqa.selenium.firefox.FirefoxDriver.toExecutor(FirefoxDriver.java:190)
	at org.openqa.selenium.firefox.FirefoxDriver.&lt;init&gt;(FirefoxDriver.java:147)
	at org.openqa.selenium.firefox.FirefoxDriver.&lt;init&gt;(FirefoxDriver.java:125)
	at myTestyDemoTest.TestFixtures.initWebDriver(TestFixtures.java:40)
... Removed 22 stack frames</pre></div><a href='#' onClick='toggleBox("stack-trace741730375", this, "Click to show all stack frames", "Click to hide stack frames")'>Click to show all stack frames</a>
<div class='stack-trace' id='stack-trace741730375'><pre>java.lang.IllegalStateException: The driver executable does not exist: F:\Athira\Selenium\Selenium 3.141.59\Driver\geckodriver.exe
	at com.google.common.base.Preconditions.checkState(Preconditions.java:589)
	at org.openqa.selenium.remote.service.DriverService.checkExecutable(DriverService.java:146)
	at org.openqa.selenium.remote.service.DriverService.findExecutable(DriverService.java:141)
	at org.openqa.selenium.firefox.GeckoDriverService.access$100(GeckoDriverService.java:44)
	at org.openqa.selenium.firefox.GeckoDriverService$Builder.findDefaultExecutable(GeckoDriverService.java:167)
	at org.openqa.selenium.remote.service.DriverService$Builder.build(DriverService.java:355)
	at org.openqa.selenium.firefox.FirefoxDriver.toExecutor(FirefoxDriver.java:190)
	at org.openqa.selenium.firefox.FirefoxDriver.&lt;init&gt;(FirefoxDriver.java:147)
	at org.openqa.selenium.firefox.FirefoxDriver.&lt;init&gt;(FirefoxDriver.java:125)
	at myTestyDemoTest.TestFixtures.initWebDriver(TestFixtures.java:40)
	at java.base/jdk.internal.reflect.NativeMethodAccessorImpl.invoke0(Native Method)
	at java.base/jdk.internal.reflect.NativeMethodAccessorImpl.invoke(NativeMethodAccessorImpl.java:62)
	at java.base/jdk.internal.reflect.DelegatingMethodAccessorImpl.invoke(DelegatingMethodAccessorImpl.java:43)
	at java.base/java.lang.reflect.Method.invoke(Method.java:567)
	at org.testng.internal.MethodInvocationHelper.invokeMethod(MethodInvocationHelper.java:84)
	at org.testng.internal.Invoker.invokeConfigurationMethod(Invoker.java:564)
	at org.testng.internal.Invoker.invokeConfigurations(Invoker.java:213)
	at org.testng.internal.Invoker.invokeConfigurations(Invoker.java:138)
	at org.testng.TestRunner.beforeRun(TestRunner.java:641)
	at org.testng.TestRunner.run(TestRunner.java:609)
	at org.testng.SuiteRunner.runTest(SuiteRunner.java:348)
	at org.testng.SuiteRunner.runSequentially(SuiteRunner.java:343)
	at org.testng.SuiteRunner.privateRun(SuiteRunner.java:305)
	at org.testng.SuiteRunner.run(SuiteRunner.java:254)
	at org.testng.SuiteRunnerWorker.runSuite(SuiteRunnerWorker.java:52)
	at org.testng.SuiteRunnerWorker.run(SuiteRunnerWorker.java:86)
	at org.testng.TestNG.runSuitesSequentially(TestNG.java:1224)
	at org.testng.TestNG.runSuitesLocally(TestNG.java:1149)
	at org.testng.TestNG.run(TestNG.java:1057)
	at org.testng.remote.AbstractRemoteTestNG.run(AbstractRemoteTestNG.java:115)
	at org.testng.remote.RemoteTestNG.initAndRun(RemoteTestNG.java:251)
	at org.testng.remote.RemoteTestNG.main(RemoteTestNG.java:77)
</pre></div></td>
<td>0</td>
<td>null</td></tr>
</table><p>
<table width='100%' border='1' class='invocation-skipped'>
<tr><td colspan='4' align='center'><b>SKIPPED CONFIGURATIONS</b></td></tr>
<tr><td><b>Test method</b></td>
<td width="30%"><b>Exception</b></td>
<td width="10%"><b>Time (seconds)</b></td>
<td><b>Instance</b></td>
</tr>
<tr>
<td title='myTestyDemoTest.ExtJsFormTest.tearDownTestMethod()'><b>tearDownTestMethod</b><br>Test class: myTestyDemoTest.ExtJsFormTest</td>
<td></td>
<td>0</td>
<td>null</td></tr>
</table><p>
<table width='100%' border='1' class='invocation-skipped'>
<tr><td colspan='4' align='center'><b>SKIPPED TESTS</b></td></tr>
<tr><td><b>Test method</b></td>
<td width="30%"><b>Exception</b></td>
<td width="10%"><b>Time (seconds)</b></td>
<td><b>Instance</b></td>
</tr>
<tr>
<td title='myTestyDemoTest.BootstrapFormTest.bFormPOAPFTest()'><b>bFormPOAPFTest</b><br>Test class: myTestyDemoTest.BootstrapFormTest</td>
<td></td>
<td>0</td>
<td>myTestyDemoTest.BootstrapFormTest@2a798d51</td></tr>
<tr>
<td title='myTestyDemoTest.BootstrapFormTest.bFormTitleTest()'><b>bFormTitleTest</b><br>Test class: myTestyDemoTest.BootstrapFormTest</td>
<td></td>
<td>0</td>
<td>myTestyDemoTest.BootstrapFormTest@2a798d51</td></tr>
<tr>
<td title='myTestyDemoTest.ExtJsFormTest.comboBoxTest()'><b>comboBoxTest</b><br>Test class: myTestyDemoTest.ExtJsFormTest</td>
<td></td>
<td>0</td>
<td>myTestyDemoTest.ExtJsFormTest@6b81ce95</td></tr>
<tr>
<td title='myTestyDemoTest.ExtJsFormTest.conditionManagerTest()'><b>conditionManagerTest</b><br>Test class: myTestyDemoTest.ExtJsFormTest</td>
<td></td>
<td>0</td>
<td>myTestyDemoTest.ExtJsFormTest@6b81ce95</td></tr>
<tr>
<td title='myTestyDemoTest.ExtJsFormTest.findElementsAfterTimeoutTest()'><b>findElementsAfterTimeoutTest</b><br>Test class: myTestyDemoTest.ExtJsFormTest</td>
<td></td>
<td>0</td>
<td>myTestyDemoTest.ExtJsFormTest@6b81ce95</td></tr>
<tr>
<td title='myTestyDemoTest.ExtJsFormTest.findElementsQuotesTest()'><b>findElementsQuotesTest</b><br>Test class: myTestyDemoTest.ExtJsFormTest</td>
<td></td>
<td>0</td>
<td>myTestyDemoTest.ExtJsFormTest@6b81ce95</td></tr>
<tr>
<td title='myTestyDemoTest.ExtJsFormTest.multiSelectTest()'><b>multiSelectTest</b><br>Test class: myTestyDemoTest.ExtJsFormTest</td>
<td></td>
<td>0</td>
<td>myTestyDemoTest.ExtJsFormTest@6b81ce95</td></tr>
<tr>
<td title='myTestyDemoTest.ExtJsFormTest.openUrl()'><b>openUrl</b><br>Test class: myTestyDemoTest.ExtJsFormTest</td>
<td></td>
<td>0</td>
<td>myTestyDemoTest.ExtJsFormTest@6b81ce95</td></tr>
<tr>
<td title='myTestyDemoTest.BootstrapFormTest.openUrl()'><b>openUrl</b><br>Test class: myTestyDemoTest.BootstrapFormTest</td>
<td></td>
<td>0</td>
<td>myTestyDemoTest.BootstrapFormTest@2a798d51</td></tr>
<tr>
<td title='myTestyDemoTest.ExtJsFormTest.radioGroupTest()'><b>radioGroupTest</b><br>Test class: myTestyDemoTest.ExtJsFormTest</td>
<td></td>
<td>0</td>
<td>myTestyDemoTest.ExtJsFormTest@6b81ce95</td></tr>
<tr>
<td title='myTestyDemoTest.ExtJsFormTest.simpleFormTest()'><b>simpleFormTest</b><br>Test class: myTestyDemoTest.ExtJsFormTest</td>
<td></td>
<td>0</td>
<td>myTestyDemoTest.ExtJsFormTest@6b81ce95</td></tr>
<tr>
<td title='myTestyDemoTest.ExtJsFormTest.textAreaTest()'><b>textAreaTest</b><br>Test class: myTestyDemoTest.ExtJsFormTest</td>
<td></td>
<td>0</td>
<td>myTestyDemoTest.ExtJsFormTest@6b81ce95</td></tr>
<tr>
<td title='myTestyDemoTest.ExtJsFormTest.textFieldTest()'><b>textFieldTest</b><br>Test class: myTestyDemoTest.ExtJsFormTest</td>
<td></td>
<td>0</td>
<td>myTestyDemoTest.ExtJsFormTest@6b81ce95</td></tr>
</table><p>
</body>
</html>